{"numFailedTestSuites":0,"numFailedTests":0,"numPassedTestSuites":1,"numPassedTests":2,"numPendingTestSuites":0,"numPendingTests":0,"numRuntimeErrorTestSuites":0,"numTodoTests":0,"numTotalTestSuites":1,"numTotalTests":2,"openHandles":[],"snapshot":{"added":0,"didUpdate":false,"failure":false,"filesAdded":0,"filesRemoved":0,"filesRemovedList":[],"filesUnmatched":0,"filesUpdated":0,"matched":0,"total":0,"unchecked":0,"uncheckedKeysByFile":[],"unmatched":0,"updated":0},"startTime":1770869755372,"success":true,"testResults":[{"assertionResults":[{"ancestorTitles":[],"duration":4,"failureDetails":[],"failureMessages":[],"fullName":"dashboard balance operations","invocations":1,"location":null,"numPassingAsserts":3,"retryReasons":[],"status":"passed","title":"dashboard balance operations"},{"ancestorTitles":[],"duration":8,"failureDetails":[],"failureMessages":[],"fullName":"dashboard rejects invalid amounts","invocations":1,"location":null,"numPassingAsserts":3,"retryReasons":[],"status":"passed","title":"dashboard rejects invalid amounts"}],"endTime":1770869755791,"message":"","name":"C:\\Users\\manid\\Desktop\\devops120226\\dashboard\\__tests__\\dashboard.test.js","startTime":1770869755435,"status":"passed","summary":""}],"wasInterrupted":false}
