{"numFailedTestSuites":0,"numFailedTests":0,"numPassedTestSuites":1,"numPassedTests":1,"numPendingTestSuites":0,"numPendingTests":0,"numRuntimeErrorTestSuites":0,"numTodoTests":0,"numTotalTestSuites":1,"numTotalTests":1,"openHandles":[],"snapshot":{"added":0,"didUpdate":false,"failure":false,"filesAdded":0,"filesRemoved":0,"filesRemovedList":[],"filesUnmatched":0,"filesUpdated":0,"matched":0,"total":0,"unchecked":0,"uncheckedKeysByFile":[],"unmatched":0,"updated":0},"startTime":1770869944534,"success":true,"testResults":[{"assertionResults":[{"ancestorTitles":[],"duration":2,"failureDetails":[],"failureMessages":[],"fullName":"income basic arithmetic","invocations":1,"location":null,"numPassingAsserts":1,"retryReasons":[],"status":"passed","title":"income basic arithmetic"}],"endTime":1770869944967,"message":"","name":"C:\\Users\\manid\\Desktop\\devops120226\\income\\__tests__\\income.test.js","startTime":1770869944616,"status":"passed","summary":""}],"wasInterrupted":false}
